<?xml version="1.0" encoding="UTF-8"?>
<!-- Generated by org.testng.reporters.JUnitXMLReporter -->
<testsuite hostname="LAPTOP-7PNJT95L" ignored="0" name="Test" tests="3" failures="0" timestamp="11 Apr 2020 15:35:49 GMT" time="0.068" errors="0">
  <testcase name="@BeforeTest Login" time="0.016" classname="E2EMaven.FieldValidation">
    <failure type="java.io.FileNotFoundException" message="C:\Users\SarojRakesh\E2EFramework\src\main\java\E2EMaven\Data.properties (The system cannot find the file specified)">
      <![CDATA[java.io.FileNotFoundException: C:\Users\SarojRakesh\E2EFramework\src\main\java\E2EMaven\Data.properties (The system cannot find the file specified)
at java.io.FileInputStream.open0(Native Method)
at java.io.FileInputStream.open(Unknown Source)
at java.io.FileInputStream.<init>(Unknown Source)
at java.io.FileInputStream.<init>(Unknown Source)
at Resources.Browser.Bname(Browser.java:29)
at E2EMaven.FieldValidation.Login(FieldValidation.java:23)
... Removed 24 stack frames]]>
    </failure>
  </testcase> <!-- @BeforeTest Login -->
  <testcase name="@BeforeTest login" time="0.0" classname="E2EMaven.Test1">
    <skipped/>
  </testcase> <!-- @BeforeTest login -->
  <testcase name="@AfterTest BClose" time="0.0" classname="E2EMaven.FieldValidation">
    <skipped/>
  </testcase> <!-- @AfterTest BClose -->
  <testcase name="@AfterTest BClose" time="0.0" classname="E2EMaven.Test1">
    <skipped/>
  </testcase> <!-- @AfterTest BClose -->
  <testcase name="InvokeBrowser" time="0.0" classname="E2EMaven.Test1">
    <skipped/>
  </testcase> <!-- InvokeBrowser -->
  <testcase name="InvokeBrowser" time="0.0" classname="E2EMaven.Test1">
    <skipped/>
  </testcase> <!-- InvokeBrowser -->
  <testcase name="Container" time="0.0" classname="E2EMaven.FieldValidation">
    <skipped/>
  </testcase> <!-- Container -->
</testsuite> <!-- Test -->
