<?xml version="1.0" encoding="UTF-8"?>
<testng-results skipped="0" failed="0" ignored="0" total="2" passed="2">
  <reporter-output>
  </reporter-output>
  <suite name="Surefire suite" duration-ms="56362" started-at="2020-04-12T13:00:54Z" finished-at="2020-04-12T13:01:50Z">
    <groups>
    </groups>
    <test name="Surefire test" duration-ms="56362" started-at="2020-04-12T13:00:54Z" finished-at="2020-04-12T13:01:50Z">
      <class name="E2EMaven.Test1">
        <test-method status="PASS" signature="InvokeBrowser(java.lang.String, java.lang.String)[pri:0, instance:E2EMaven.Test1@17550481]" name="InvokeBrowser" duration-ms="32365" started-at="2020-04-12T18:30:54Z" data-provider="userData" finished-at="2020-04-12T18:31:26Z">
          <params>
            <param index="0">
              <value>
                <![CDATA[Myemail@email.com]]>
              </value>
            </param>
            <param index="1">
              <value>
                <![CDATA[123456]]>
              </value>
            </param>
          </params>
          <reporter-output>
          </reporter-output>
        </test-method> <!-- InvokeBrowser -->
        <test-method status="PASS" signature="InvokeBrowser(java.lang.String, java.lang.String)[pri:0, instance:E2EMaven.Test1@17550481]" name="InvokeBrowser" duration-ms="23263" started-at="2020-04-12T18:31:26Z" data-provider="userData" finished-at="2020-04-12T18:31:50Z">
          <params>
            <param index="0">
              <value>
                <![CDATA[Youremail@email.com]]>
              </value>
            </param>
            <param index="1">
              <value>
                <![CDATA[654321]]>
              </value>
            </param>
          </params>
          <reporter-output>
          </reporter-output>
        </test-method> <!-- InvokeBrowser -->
        <test-method status="PASS" signature="BClose()[pri:0, instance:E2EMaven.Test1@17550481]" name="BClose" is-config="true" duration-ms="703" started-at="2020-04-12T18:31:50Z" finished-at="2020-04-12T18:31:50Z">
          <reporter-output>
          </reporter-output>
        </test-method> <!-- BClose -->
      </class> <!-- E2EMaven.Test1 -->
    </test> <!-- Surefire test -->
  </suite> <!-- Surefire suite -->
</testng-results>
