<?xml version="1.0" encoding="UTF-8"?>
<testng-results skipped="0" failed="0" ignored="0" total="2" passed="2">
  <reporter-output>
  </reporter-output>
  <suite name="Default suite" duration-ms="52298" started-at="2020-04-12T12:56:01Z" finished-at="2020-04-12T12:56:54Z">
    <groups>
    </groups>
    <test name="Default test" duration-ms="52298" started-at="2020-04-12T12:56:01Z" finished-at="2020-04-12T12:56:54Z">
      <class name="E2EMaven.Test1">
        <test-method status="PASS" signature="InvokeBrowser(java.lang.String, java.lang.String)[pri:0, instance:E2EMaven.Test1@6093dd95]" name="InvokeBrowser" duration-ms="26986" started-at="2020-04-12T12:56:01Z" data-provider="userData" finished-at="2020-04-12T12:56:28Z">
          <params>
            <param index="0">
              <value>
                <![CDATA[Myemail@email.com]]>
              </value>
            </param>
            <param index="1">
              <value>
                <![CDATA[123456]]>
              </value>
            </param>
          </params>
          <reporter-output>
          </reporter-output>
        </test-method> <!-- InvokeBrowser -->
        <test-method status="PASS" signature="InvokeBrowser(java.lang.String, java.lang.String)[pri:0, instance:E2EMaven.Test1@6093dd95]" name="InvokeBrowser" duration-ms="24548" started-at="2020-04-12T12:56:28Z" data-provider="userData" finished-at="2020-04-12T12:56:53Z">
          <params>
            <param index="0">
              <value>
                <![CDATA[Youremail@email.com]]>
              </value>
            </param>
            <param index="1">
              <value>
                <![CDATA[654321]]>
              </value>
            </param>
          </params>
          <reporter-output>
          </reporter-output>
        </test-method> <!-- InvokeBrowser -->
        <test-method status="PASS" signature="BClose()[pri:0, instance:E2EMaven.Test1@6093dd95]" name="BClose" is-config="true" duration-ms="740" started-at="2020-04-12T12:56:53Z" finished-at="2020-04-12T12:56:54Z">
          <reporter-output>
          </reporter-output>
        </test-method> <!-- BClose -->
      </class> <!-- E2EMaven.Test1 -->
    </test> <!-- Default test -->
  </suite> <!-- Default suite -->
</testng-results>
